<?xml version="1.0" encoding="UTF-8"?>
<!-- Generated by org.testng.reporters.JUnitReportReporter -->
<testsuite skipped="0" hostname="LAPTOP-AB0E0QFL" name="Fitpeo.Fitpeo.FitpeoTest" tests="7" failures="0" timestamp="26 Nov 2024 13:27:33 GMT" time="95.070" errors="0">
  <testcase name="navigateToTheFitpeoHomePage" time="8.928" classname="Fitpeo.Fitpeo.FitpeoTest"/>
  <testcase name="navigateToRevenueCalculatorPage" time="10.229" classname="Fitpeo.Fitpeo.FitpeoTest"/>
  <testcase name="scrollToSliderSection" time="13.832" classname="Fitpeo.Fitpeo.FitpeoTest"/>
  <testcase name="adjustSliderAndVerifsValue" time="10.340" classname="Fitpeo.Fitpeo.FitpeoTest"/>
  <testcase name="adjustSliderUsingTextField" time="28.486" classname="Fitpeo.Fitpeo.FitpeoTest"/>
  <testcase name="selectCPTCodesTest" time="11.160" classname="Fitpeo.Fitpeo.FitpeoTest"/>
  <testcase name="validateTotalRecurringReimbursementTest" time="12.095" classname="Fitpeo.Fitpeo.FitpeoTest"/>
</testsuite> <!-- Fitpeo.Fitpeo.FitpeoTest -->
